<?xml version="1.0" encoding="UTF-8"?>
<!-- Generated by org.testng.reporters.JUnitReportReporter -->
<testsuite hostname="Lohith" failures="0" tests="1" name="Demo.Test1" time="0.035" errors="0" timestamp="2022-05-04T21:03:35 IST" skipped="0">
  <testcase classname="Demo.Test1" name="tset1" time="0.035"/>
  <system-out>
    <![CDATA[c#]]>
  </system-out>
</testsuite> <!-- Demo.Test1 -->
