<?xml version="1.0" encoding="UTF-8"?>
<!-- Generated by org.testng.reporters.JUnitReportReporter -->
<testsuite hostname="Lohith" failures="0" tests="1" name="Demo.CustomerModule" time="0.015" errors="0" timestamp="2022-05-04T11:59:22 IST" skipped="0">
  <testcase classname="Demo.CustomerModule" name="createCustomer" time="0.015"/>
  <system-out>
    <![CDATA[Create customer ]]>
  </system-out>
</testsuite> <!-- Demo.CustomerModule -->
