<?xml version="1.0" encoding="UTF-8"?>
<!-- Generated by org.testng.reporters.JUnitReportReporter -->
<testsuite hostname="Lohith" failures="0" tests="1" name="Demo.Test0" time="0.018" errors="0" timestamp="2022-05-04T21:03:25 IST" skipped="0">
  <testcase classname="Demo.Test0" name="tc0" time="0.018"/>
  <system-out>
    <![CDATA[java]]>
  </system-out>
</testsuite> <!-- Demo.Test0 -->
