<?xml version="1.0" encoding="UTF-8"?>
<!-- Generated by org.testng.reporters.JUnitReportReporter -->
<testsuite hostname="Lohith" failures="0" tests="1" name="Demo.Test2" time="0.002" errors="0" timestamp="2022-02-19T19:53:08 IST" skipped="0">
  <testcase classname="Demo.Test2" name="test2" time="0.002"/>
  <system-out>
    <![CDATA[pyton]]>
  </system-out>
</testsuite> <!-- Demo.Test2 -->
