<?xml version="1.0" encoding="UTF-8"?>
<!-- Generated by org.testng.reporters.JUnitReportReporter -->
<testsuite skipped="0" hostname="Lohith" name="Demo.Test0" tests="1" failures="0" timestamp="2022-05-26T23:09:04 IST" time="0.009" errors="0">
  <testcase name="tc0" time="0.009" classname="Demo.Test0"/>
  <system-out>
    <![CDATA[java]]>
  </system-out>
</testsuite> <!-- Demo.Test0 -->
