<?xml version="1.0" encoding="UTF-8"?>
<!-- Generated by org.testng.reporters.JUnitReportReporter -->
<testsuite skipped="0" hostname="Lohith" name="Demo.Test2" tests="1" failures="0" timestamp="2022-05-26T23:09:04 IST" time="0.000" errors="0">
  <testcase name="test2" time="0.000" classname="Demo.Test2"/>
  <system-out>
    <![CDATA[pyton]]>
  </system-out>
</testsuite> <!-- Demo.Test2 -->
