<?xml version="1.0" encoding="UTF-8"?>
<!-- Generated by org.testng.reporters.JUnitReportReporter -->
<testsuite skipped="0" hostname="Lohith" name="Demo.Test1" tests="1" failures="0" timestamp="2022-05-26T23:09:04 IST" time="0.001" errors="0">
  <testcase name="tset1" time="0.001" classname="Demo.Test1"/>
  <system-out>
    <![CDATA[c#]]>
  </system-out>
</testsuite> <!-- Demo.Test1 -->
